<?xml version="1.0" encoding="UTF-8"?>
<!-- Generated by org.testng.reporters.JUnitReportReporter -->
<testsuite skipped="0" hostname="prosperauser12" name="automationFramework.AccountLogin" tests="1" failures="0" timestamp="09 Jun 2017 19:33:51 GMT" time="24.179" errors="0">
  <testcase name="TestcaseOneAccountLogin" time="24.179" classname="automationFramework.AccountLogin"/>
</testsuite> <!-- automationFramework.AccountLogin -->
