<?xml version="1.0" encoding="UTF-8"?>
<!-- Generated by org.testng.reporters.JUnitReportReporter -->
<testsuite skipped="0" hostname="prosperauser12" name="automationFramework.MainExecution" tests="1" failures="0" timestamp="11 Jun 2017 20:05:43 GMT" time="39.549" errors="0">
  <testcase name="testcaseEight" time="39.549" classname="automationFramework.MainExecution"/>
</testsuite> <!-- automationFramework.MainExecution -->
